KT3DN ESTIMATES WITH: valid set                                                 
    2    8    7   12
Estimate
EstimationVariance
-.51805233     0.50808777    
-.36198112     0.40701989    
-.83354475E-01 0.32069220    
0.25503347     0.25001521    
0.43242629     0.18332522    
0.56342417     0.18912938    
0.77023233     0.29161809    
0.77862967     0.42698173    
-.67081820     0.35808322    
-.40444280     0.25462225    
-.44922968E-01 0.17411615    
0.31423158     0.11989736    
0.48936817     0.53726713E-01
0.72860126     0.58473527E-01
0.91316714     0.17999747    
0.84838002     0.32888490    
-.87822663     0.22576290    
-.56154441     0.12740813    
0.41551122E-02 0.69125545E-01
0.37995694     0.66070823E-01
0.65168773     0.47448533E-01
0.96813175     0.26041343E-01
0.97934074     0.12640853    
0.84741073     0.27273530    
-1.0512903     0.15399380    
-.75733393     0.72413932E-01
-.26319196     0.46019634E-01
0.22904206     0.78444302E-01
0.64183293     0.73122021E-01
0.92433045     0.44242532E-01
0.89236332     0.88437624E-01
0.79795032     0.18773388    
-.94907303     0.18673111    
-.79248072     0.11179510    
-.45358634     0.75777635E-01
-.13998037     0.63333071E-01
0.44863279     0.52907805E-01
0.72262004     0.32397536E-01
0.74638999     0.59717977E-01
0.79371365     0.10261690    
-1.0154761     0.24395120    
-.81229781     0.14807082    
-.71751837     0.68833790E-01
-.22955830     0.21742908E-01
0.17205016     0.31349257E-01
0.46383031     0.50463404E-01
0.60079254     0.49957050E-01
0.66957192     0.27218331E-01
-.77672083     0.29600112    
-.83708116     0.16867960    
-.86605396     0.53866265E-01
-.52081892     0.36922275E-01
-.34220160     0.77418710E-01
-.72741979E-01 0.10002863    
0.31301394     0.89677454E-01
0.76777275     0.69884520E-01
-.57326019     0.37319629    
-.32374006     0.27260671    
0.15845582E-01 0.18978352    
0.38217666     0.12631403    
0.57040529     0.56968349E-01
0.80972778     0.88375664E-01
0.89937996     0.22215196    
0.82198802     0.37209118    
-.78667423     0.22507936    
-.43085462     0.13477073    
0.94860470E-01 0.60751375E-01
0.49317277     0.44691514E-01
0.77189563     0.17453082E-01
 1.0678789     0.35818340E-01
0.99744589     0.14799009    
0.90553234     0.29866550    
-1.0826367     0.95734741E-01
-.69695725     0.35257885E-01
-.10702734     0.21919541E-01
0.33163774     0.44393007E-01
0.71265218     0.37708434E-01
 1.0620302     0.16129604E-01
0.88165000     0.10164725    
0.81871918     0.21412764    
-.96527248     0.10635059    
-.73706693     0.47033146E-01
-.50233151     0.38438600E-01
-.12591508E-01 0.59167286E-01
0.46722131     0.51923140E-01
0.70855759     0.17033409E-01
0.65984280     0.61051597E-01
0.69538981     0.14235672    
-.85538224     0.17190296    
-.68341662     0.91365128E-01
-.51428179     0.41294255E-01
-.11001159     0.23638426E-01
0.21879397     0.24728529E-01
0.60153258     0.15363301E-01
0.64854693     0.36372903E-01
0.59942477     0.61418676E-01
-.69620313     0.22955005    
-.73227298     0.11073945    
-.69842716     0.21635836E-01
-.29055989     0.12488936E-01
-.16680305     0.27917084E-01
0.13236158     0.47309993E-01
0.51208637     0.37451098E-01
0.69645207     0.28283964E-01
-.72901085     0.27225661    
-.70785133     0.12353396    
-.80093689     0.30380809E-01
-.79584671     0.43226761E-01
-.59990605     0.79679038E-01
-.57316912E-01 0.98404510E-01
0.60015343     0.83390234E-01
 1.1073530     0.72098544E-01
-.63838963     0.25552080    
-.28039049     0.16655992    
0.26523730     0.87349617E-01
0.55859545     0.49748782E-01
0.86064476     0.22370319E-01
 1.1141532     0.68018546E-01
0.99987217     0.19136534    
0.83644193     0.34200270    
-.94987467     0.10725098    
-.52029151     0.57747658E-01
0.39484828E-01 0.23057085E-01
0.44448405     0.17253065E-01
0.90560969     0.10243106E-01
 1.1783722     0.23672354E-01
 1.0024479     0.12499320    
0.84837929     0.25446285    
-.93812048     0.43360134E-01
-.69992900     0.13367492E-01
-.40059774     0.22876771E-01
0.31715633E-01 0.39089777E-01
0.49868960     0.37736121E-01
0.71570534     0.12191362E-01
0.61415783     0.71400813E-01
0.60150514     0.18040934    
-.65854986     0.10438377    
-.49058501     0.39380943E-01
-.46449993     0.30962130E-01
-.19435152     0.41905617E-01
0.22765901     0.42476529E-01
0.63667454     0.13883285E-01
0.61202894     0.45346528E-01
0.47736276     0.11293422    
-.77077402     0.16433656    
-.60602404     0.67386359E-01
-.40634012     0.12688114E-01
-.11201513     0.19351954E-01
-.47682463E-01 0.21780271E-01
0.37511607     0.17929005E-01
0.55644502     0.27164856E-01
0.65984975     0.61909927E-01
-.70869618     0.21514181    
-.61231731     0.79966688E-01
-.57041835     0.11538296E-01
-.60571616     0.18116886E-01
-.47813397     0.29743109E-01
0.48117184E-01 0.44859011E-01
0.74471398     0.29406881E-01
 1.1157260     0.41370417E-01
-.66826711     0.23841784    
-.62192362     0.98340594E-01
-.76587971     0.27182021E-01
-1.1904136     0.53598189E-01
-.69717215     0.86126503E-01
0.12765557     0.92288117E-01
0.89526111     0.67350362E-01
 1.2950180     0.76006877E-01
-.73759826     0.16282236    
-.33598068     0.10235820    
0.10874674     0.37985269E-01
0.49641059     0.22289406E-01
 1.0167520     0.18173653E-01
 1.2180676     0.60485651E-01
 1.0859738     0.17228337    
0.85399029     0.32051153    
-.82900039     0.62730708E-01
-.57990769     0.39318015E-01
-.28192195     0.24256443E-01
0.16069284     0.10461868E-01
0.84147629     0.12445269E-01
0.91957742     0.12880031E-01
0.64857203     0.10116409    
0.52013004     0.22410707    
-.54555804     0.48400286E-01
-.42851507     0.10554668E-01
-.39432517     0.21405437E-01
-.25503879     0.26528277E-01
0.23484806     0.40996129E-01
0.55159781     0.13898783E-01
0.49540139     0.56892560E-01
0.32104266     0.15504709    
-.34077468     0.10934761    
-.34817527     0.29707129E-01
-.30448105     0.23179496E-01
-.32264002     0.36780318E-01
0.11298304     0.43859564E-01
0.63607984     0.16428252E-01
0.59621667     0.38340518E-01
0.51560577     0.10502731    
-.48959844     0.15983232    
-.47999004     0.58065972E-01
-.31649089     0.80331756E-02
-.50398711     0.17144576E-01
-.36302228     0.21087719E-01
0.20015219     0.21673872E-01
0.75061610     0.18525414E-01
0.96781866     0.69974759E-01
-.83255259     0.19233382    
-.43123196     0.61252991E-01
-.58086611     0.10373882E-01
-.99919735     0.26380707E-01
-.58669100     0.33879557E-01
0.18138423     0.40361618E-01
 1.0540166     0.21228033E-01
 1.3233092     0.58975591E-01
-.97294956     0.20435616    
-.79670291     0.77424684E-01
-1.2065791     0.26911775E-01
-1.5539989     0.66233206E-01
-.75912096     0.94524031E-01
0.14139642     0.84080380E-01
0.89032207     0.43028577E-01
 1.0823708     0.66338464E-01
-.73380619     0.12465778    
-.41347690     0.83917149E-01
-.21581466     0.27950917E-01
0.32278765     0.23114094E-01
 1.1255875     0.19371766E-01
 1.0547080     0.50495551E-01
0.77754348     0.15298557    
0.32931054     0.29771849    
-.53335723     0.57477009E-01
-.39009323     0.38369127E-01
-.39818620     0.25121105E-01
-.18165191     0.70946121E-02
0.60715330     0.17179293E-01
0.59999666     0.12951001E-01
0.35320965     0.78683857E-01
0.28214489     0.19676181    
-.28380363     0.56634185E-01
-.22977858     0.89886636E-02
-.42532348     0.16557624E-01
-.47709332     0.30213305E-01
0.39245999     0.45734900E-01
0.67802116     0.16770881E-01
0.36192689     0.47811625E-01
0.30460338     0.13939638    
-.32592480     0.11679770    
-.23316340     0.27259664E-01
-.37939850     0.20694994E-01
-.40881955     0.34168852E-01
-.96532326E-01 0.44828883E-01
0.38317605     0.19940885E-01
0.69281846     0.29518998E-01
0.75344917     0.10326587    
-.62166490     0.15299645    
-.33938248     0.49945955E-01
-.51678204     0.82010302E-02
-.85987721     0.16240771E-01
-.44974979     0.22160028E-01
0.20948750     0.24993949E-01
 1.0175489     0.10125722E-01
 1.1830663     0.81094322E-01
-.74999323     0.16324008    
-.74649525     0.44195596E-01
-1.2162034     0.10058675E-01
-1.3364815     0.36028405E-01
-.64019059     0.41242479E-01
0.19256247     0.33788055E-01
 1.0780715     0.11889512E-01
 1.1179468     0.65256396E-01
-1.2055777     0.17577511    
-1.2968661     0.55357463E-01
-1.5780105     0.28224039E-01
-1.6681337     0.80366287E-01
-.74904493     0.10333517    
0.85722608E-01 0.82412619E-01
0.66770553     0.39010973E-01
0.74231527     0.45441337E-01
-.56771306     0.10624966    
-.38027295     0.77243586E-01
-.41682291     0.22336339E-01
0.17019559     0.24635185E-01
0.88215299     0.21800046E-01
0.58080546     0.45320537E-01
0.34320797     0.12705100    
0.24181006     0.26959984    
-.31122305     0.51071203E-01
-.31954169     0.34051855E-01
-.52053963     0.23585372E-01
-.19253868     0.71478013E-02
0.53532765     0.24229181E-01
0.27750186     0.17461637E-01
0.35738281E-01 0.59583012E-01
-.28972425E-01 0.17920061    
-.30280565     0.56199157E-01
-.33545077     0.89628993E-02
-.46818834     0.13667095E-01
-.29460199     0.31659876E-01
0.29742449     0.47716653E-01
0.32014755     0.21614451E-01
0.39847878     0.30344955E-01
0.49991658     0.12919183    
-.45965558     0.10663651    
-.36812670     0.24657693E-01
-.62097778     0.19776974E-01
-.74714039     0.31570145E-01
-.29841034     0.44307026E-01
0.25647517     0.24292902E-01
0.80880647     0.18804188E-01
 1.1764496     0.10052416    
-.85436568     0.12410070    
-.79301833     0.38524717E-01
-1.1688050     0.87569207E-02
-1.1992829     0.17835501E-01
-.52549331     0.25603170E-01
0.18120858     0.26036805E-01
0.98492874     0.96822237E-02
 1.1948085     0.91644973E-01
-1.1921804     0.13465216    
-1.2604334     0.29985888E-01
-1.5465028     0.10880849E-01
-1.3651467     0.45483981E-01
-.60236442     0.50599768E-01
0.18717368     0.28567126E-01
0.89619177     0.91323770E-02
0.74422959     0.44551063E-01
-1.6482106     0.14359997    
-1.7525911     0.33419542E-01
-1.7785701     0.30849001E-01
-1.7363907     0.91330122E-01
-.93151901     0.10743708    
-.28948522     0.81392913E-01
0.25306038     0.41682138E-01
0.38397650     0.28968092E-01
-.31921699     0.86793429E-01
-.34065644     0.63733275E-01
-.54852633     0.18287488E-01
0.11567558     0.24409667E-01
0.50400818     0.27874217E-01
0.13123968E-01 0.44907381E-01
-.42861746E-01 0.10603629    
0.26388615E-01 0.24055665    
-.31395536     0.29472805E-01
-.42944216     0.31467451E-01
-.47666651     0.20543177E-01
-.49890571E-01 0.64166687E-02
0.16496764     0.29132720E-01
-.85514488E-01 0.24371422E-01
0.12029044     0.40150477E-01
0.48901215     0.16614422    
-.48334372     0.52324823E-01
-.48059030     0.90994107E-02
-.58942659     0.12911378E-01
-.35753384     0.32862448E-01
-.96576910E-01 0.46758209E-01
0.16627510     0.21471083E-01
0.60344540     0.19005441E-01
0.91368023     0.11968747    
-.92742004     0.81417784E-01
-.94838753     0.22535210E-01
-1.0778278     0.19702334E-01
-.89487369     0.28232352E-01
-.43155877     0.44171437E-01
0.12805555     0.28948977E-01
0.81860352     0.14223227E-01
 1.2285117     0.95736493E-01
-1.3444704     0.10625549    
-1.2627070     0.29343490E-01
-1.3578309     0.11807941E-01
-1.2652214     0.20322158E-01
-.56421462     0.31059824E-01
0.21643793     0.24926412E-01
0.88827299     0.98371213E-02
0.77780901     0.68940814E-01
-1.6322463     0.10445734    
-1.6020378     0.17485932E-01
-1.5849160     0.13348920E-01
-1.6567715     0.57995093E-01
-.79922325     0.60931551E-01
-.25268485     0.25224428E-01
0.43208171     0.78073375E-02
0.42107321     0.21371842E-01
-1.8639993     0.11983591    
-1.8666676     0.24989221E-01
-1.8778057     0.35826179E-01
-1.9209019     0.98686629E-01
-1.2685659     0.10935309    
-.67310411     0.73845766E-01
-.25104152     0.36173118E-01
-.11070125     0.36469419E-01
-.37609772     0.48321279E-01
-.43871365     0.52394421E-01
-.39094361     0.16839074E-01
0.49213292E-01 0.22751240E-01
0.77224777E-03 0.37334578E-01
-.20251310     0.48683244E-01
-.11564496E-01 0.87160546E-01
0.33033976     0.21132745    
-.56289501     0.21874996E-01
-.50783158     0.28354721E-01
-.39264935     0.17899070E-01
-.35295401     0.62738115E-02
-.17810477     0.33117444E-01
0.21265779E-03 0.30420046E-01
0.40789308     0.26272243E-01
0.72159859     0.14174363    
-1.0231790     0.42389630E-01
-.96199073     0.10082892E-01
-.81406588     0.13241853E-01
-.71867355     0.27729410E-01
-.38484538     0.38348960E-01
0.11532606     0.17960036E-01
0.75002210     0.13290949E-01
0.97326356     0.99623568E-01
-1.4721409     0.63732922E-01
-1.2970565     0.22369251E-01
-1.1470776     0.20464183E-01
-1.3244663     0.29087949E-01
-.56857577     0.44606055E-01
0.10837159     0.32929972E-01
0.77859887     0.11547628E-01
0.79765623     0.80722204E-01
-1.6776699     0.86597944E-01
-1.4270573     0.21572321E-01
-1.4138546     0.17874967E-01
-1.3388251     0.21476036E-01
-.76508412     0.37528824E-01
-.15125413     0.23377856E-01
0.51146460     0.10473740E-01
0.41089143     0.49737790E-01
-1.8321042     0.80525806E-01
-1.6324411     0.11362791E-01
-1.6522513     0.18223380E-01
-1.7483183     0.58786288E-01
-1.1638986     0.62957213E-01
-.69118730     0.20641898E-01
-.62922112E-01 0.71523822E-02
-.69181378E-01 0.14815717E-01
-1.8812959     0.10226017    
-1.9983586     0.27911345E-01
-1.9059092     0.44070035E-01
-1.8021632     0.96166178E-01
-1.3727229     0.10666000    
-.93521016     0.67260903E-01
-.66735945     0.38064512E-01
-.62499096     0.48115762E-01
-.58361443     0.31866151E-01
-.44935983     0.41922155E-01
-.20806124     0.17952362E-01
-.25578927     0.21802183E-01
-.25082624     0.48913382E-01
-.96847314E-01 0.55677095E-01
0.17472335     0.72628385E-01
0.44236133     0.18749504    
-1.0571940     0.19830007E-01
-.79702418     0.25604346E-01
-.53095845     0.15741841E-01
-.51639730     0.76975533E-02
-.32332423     0.30556015E-01
-.25124852E-01 0.32997024E-01
0.57803634     0.17414104E-01
0.80558786     0.11855176    
-1.4325373     0.27601119E-01
-1.0951852     0.13712749E-01
-.88714692     0.12776649E-01
-1.0107943     0.25156924E-01
-.47790839     0.35584561E-01
0.80605301E-01 0.17110481E-01
0.89508258     0.10892836E-01
0.90006001     0.80845023E-01
-1.6722779     0.48617089E-01
-1.3331226     0.24321396E-01
-1.3698552     0.22411271E-01
-1.5378583     0.22824606E-01
-.73339034     0.45782412E-01
-.40620215E-01 0.35857566E-01
0.49848721     0.10418432E-01
0.56837568     0.63733650E-01
-1.7366751     0.68412532E-01
-1.4295328     0.16840225E-01
-1.4948789     0.26080714E-01
-1.5873205     0.22826292E-01
-1.0409750     0.42785491E-01
-.52089814     0.22296144E-01
-.63141511E-01 0.11908222E-01
-.24825473E-01 0.37448857E-01
-1.8311575     0.65495331E-01
-1.8327639     0.85695573E-02
-1.8297202     0.26067878E-01
-1.7674256     0.56548723E-01
-1.3484198     0.64027683E-01
-.93310051     0.21073141E-01
-.61749810     0.90202189E-02
-.64218005     0.12880074E-01
-1.8467956     0.87888834E-01
-1.9793880     0.27069329E-01
-1.7206768     0.43094183E-01
-1.5821897     0.82400366E-01
-1.2449439     0.98847475E-01
-.95724602     0.73293702E-01
-1.0256705     0.48864954E-01
-1.0245793     0.61276851E-01
-.90094110     0.26796112E-01
-.49062331     0.32318759E-01
-.26539572     0.20606437E-01
-.57939888     0.21137108E-01
-.38270478     0.59692258E-01
-.60840185E-01 0.64174920E-01
0.40072320     0.61646023E-01
0.62501380     0.16486696    
-1.2800186     0.12607945E-01
-.80203292     0.23299753E-01
-.63995437     0.12657331E-01
-.85471154     0.95359092E-02
-.54077294     0.24412715E-01
0.50703112E-01 0.31298146E-01
0.69579388     0.13328493E-01
0.70938516     0.96402784E-01
-1.4857851     0.19824581E-01
-1.2239998     0.19840234E-01
-1.3024870     0.11187186E-01
-1.3735654     0.20642969E-01
-.63575077     0.34336696E-01
0.75147244E-01 0.19157923E-01
0.46492927     0.10802509E-01
0.64489929     0.61055366E-01
-1.6468266     0.38842108E-01
-1.4508176     0.28213795E-01
-1.4047716     0.25671799E-01
-1.5005337     0.17815091E-01
-.86331467     0.47800746E-01
-.32254574     0.38229966E-01
-.65953395E-02 0.11215075E-01
0.12853660     0.47850147E-01
-1.7388248     0.54548655E-01
-1.6929174     0.15631701E-01
-1.6258251     0.35030604E-01
-1.5609850     0.17863898E-01
-1.2271932     0.45560241E-01
-.87061019     0.24676042E-01
-.71783243     0.13910140E-01
-.55731278     0.25059489E-01
-1.8799473     0.48571784E-01
-1.9824974     0.67039383E-02
-1.6990951     0.31921201E-01
-1.5614766     0.48822401E-01
-1.2809504     0.61242958E-01
-.88072238     0.24616871E-01
-1.0777846     0.12554923E-01
-1.0875288     0.14421294E-01
-1.5298778     0.72193454E-01
-1.5414867     0.27149530E-01
-1.3285651     0.33737509E-01
-1.2330615     0.57752489E-01
-.97495879     0.93859792E-01
-.90346927     0.79076595E-01
-1.0637606     0.61647721E-01
-1.1185694     0.78323690E-01
-1.0236616     0.24312219E-01
-.57661753     0.23925413E-01
-.55037248     0.23711906E-01
-.87777899     0.20652738E-01
-.52494848     0.63891421E-01
0.52270683E-02 0.69846592E-01
0.48984598     0.54416920E-01
0.56624248     0.14547771    
-1.2917989     0.10472735E-01
-1.1137273     0.23515926E-01
-1.2254619     0.10923143E-01
-1.1267218     0.11568587E-01
-.53096387     0.18561742E-01
0.43745608E-01 0.26905690E-01
0.35770445     0.13116097E-01
0.64414987     0.77872485E-01
-1.6530569     0.17011576E-01
-1.5236685     0.28711898E-01
-1.5660010     0.10618676E-01
-1.3703668     0.16384357E-01
-.64058771     0.36951242E-01
-.20023292     0.22976337E-01
0.13694590     0.11867294E-01
0.32605952     0.43143083E-01
-1.7345444     0.31249427E-01
-1.5825906     0.35186730E-01
-1.3508053     0.32125789E-01
-1.2840078     0.14741205E-01
-.98330201     0.53859441E-01
-.69046435     0.47782326E-01
-.68212481     0.14287678E-01
-.38156184     0.30158674E-01
-1.7397195     0.35450441E-01
-1.7155754     0.20151575E-01
-1.5271149     0.45264276E-01
-1.4632314     0.17426976E-01
-1.1454395     0.46351753E-01
-.86453887     0.31742229E-01
-1.0337219     0.15444726E-01
-.86728459     0.18476605E-01
-1.5955022     0.33386722E-01
-1.5385188     0.67436408E-02
-1.2814582     0.25665698E-01
-1.1699068     0.37514884E-01
-.98637662     0.63363613E-01
-.94986455     0.22698174E-01
-1.3229591     0.16612809E-01
-1.1946399     0.20997830E-01
-.97678829     0.66660626E-01
-.92236516     0.31857642E-01
-.85529851     0.39757982E-01
-.75650400     0.60327627E-01
-.72675317     0.10742321    
-.75585548     0.87021853E-01
-.94879382     0.94426445E-01
-.99002654     0.12889901    
-1.1220827     0.26065411E-01
-1.0375178     0.29535397E-01
-1.0500249     0.31309295E-01
-.97978400     0.24996233E-01
-.40108947     0.62118678E-01
0.23117637E-02 0.69057512E-01
0.31383304     0.52205802E-01
0.54707773     0.13201296    
-1.5858101     0.20124912E-01
-1.6002607     0.35288392E-01
-1.5848999     0.12759945E-01
-1.1133279     0.21412060E-01
-.48044608     0.23248766E-01
-.10692700     0.25432512E-01
0.27652204     0.20053629E-01
0.41683864     0.70309875E-01
-1.7157982     0.24102892E-01
-1.5560369     0.45243212E-01
-1.2488016     0.23106596E-01
-1.1228418     0.23897737E-01
-.81459178     0.60897218E-01
-.61200030     0.44443616E-01
-.36099504     0.17757073E-01
-.11756749     0.31413608E-01
-1.6134609     0.39156277E-01
-1.4841194     0.53867842E-01
-1.3571400     0.50396226E-01
-1.1972309     0.23311910E-01
-1.0081048     0.70608353E-01
-.87963512     0.65196118E-01
-.89462194     0.30856568E-01
-.70202052     0.37112165E-01
-1.5115429     0.28057234E-01
-1.3367630     0.27127215E-01
-1.1519179     0.53337704E-01
-1.1102843     0.31347395E-01
-1.0466660     0.57872211E-01
-1.0127056     0.35414515E-01
-1.3769516     0.17708049E-01
-1.0533117     0.21170811E-01
-.95729120     0.36082216E-01
-.93751816     0.13526704E-01
-.81761701     0.26981036E-01
-.76867138     0.51186735E-01
-.77817245     0.80675676E-01
-.85465739     0.36660064E-01
-1.0835018     0.45528172E-01
-1.0197952     0.71808689E-01
-.64527362     0.11218441    
-.64467519     0.86129782E-01
-.58535889     0.10353310    
-.52260277     0.13007213    
-.67060523     0.16899686    
-.66135555     0.16616127    
-.81390362     0.19897773    
-.85511639     0.24770116    
